**************************************************************
KiwiVM Task File, executed: Fri, 19 Nov 2021 10:21:45 -0500
**************************************************************
# cd /home/VentreBot-shadow-1.0-SNAPSHOT/bin && ./VentreBot
SLF4J: Failed to load class "org.slf4j.impl.StaticLoggerBinder".
SLF4J: Defaulting to no-operation (NOP) logger implementation
SLF4J: See http://www.slf4j.org/codes.html#StaticLoggerBinder for further details.
ERROR StatusLogger Log4j2 could not find a logging implementation. Please add log4j-core to the classpath. Using SimpleLogger to log to the console...
[0m2021-11-19 23:21:50 V/Net 879112070: Loading server list from cache.[0m
[92m2021-11-19 23:21:50 I/Net 879112070: Server list: 203.205.255.217:8080, msfwifi.3g.qq.com:8080, 49.51.39.163:10001, 117.144.228.48:443, 14.22.9.84:80, 169.47.230.125:10001, 221.198.69.95:14000.[0m
[92m2021-11-19 23:21:51 I/Bot 879112070: Loaded account secrets from local cache.[0m
[92m2021-11-19 23:21:51 I/Net 879112070: ECDH key is valid.[0m
[0m2021-11-19 23:21:52 V/Net 879112070: Send: wtlogin.exchange_emp[0m
[92m2021-11-19 23:21:52 I/Bot 879112070: Saved account secrets to local cache for fast login.[0m
[0m2021-11-19 23:21:52 V/Net 879112070: Send: StatSvc.register(online)[0m
[0m2021-11-19 23:21:52 V/Net 879112070: Recv: wtlogin.exchange_emp[0m
[92m2021-11-19 23:21:53 I/Net 879112070: Server time updated, serverTime: 1637335312, diff: -1ms=-0.001s[0m
[0m2021-11-19 23:21:53 V/Net 879112070: Recv: StatSvc.register[0m
[92m2021-11-19 23:21:53 I/Bot 879112070: Login successful.[0m
[0m2021-11-19 23:21:53 V/Net 879112070: Loading BdhSession from cache file[0m
[92m2021-11-19 23:21:53 I/Net 879112070: Start loading stranger list...[0m
[0m2021-11-19 23:21:53 V/Net 879112070: Send: OidbSvc.0x5d2_0(OidbSvc.0x5d2_0)[0m
[0m2021-11-19 23:21:53 V/Net 879112070: Send: StatSvc.GetDevLoginInfo(StatSvc.GetDevLoginInfo)[0m
[92m2021-11-19 23:21:53 I/Net 879112070: Syncing friend message history...[0m
[92m2021-11-19 23:21:53 I/Net 879112070: Start loading friend list...[0m
[0m2021-11-19 23:21:53 V/Net 879112070: Send: friendlist.getFriendGroupList(friendlist.getFriendGroupList)[0m
[0m2021-11-19 23:21:53 V/Net 879112070: Send: OidbSvc.0x496(OidbSvc.0x496)[0m
[0m2021-11-19 23:21:53 V/Net 879112070: Recv: StatSvc.GetDevLoginInfo[0m
[92m2021-11-19 23:21:53 I/Net 879112070: No OtherClient online.[0m
[0m2021-11-19 23:21:53 V/Net 879112070: Recv: OidbSvc.0x5d2_0[0m
[92m2021-11-19 23:21:53 I/Net 879112070: Successfully loaded stranger list: 1 in total[0m
[0m2021-11-19 23:21:53 V/Net 879112070: Recv: OidbSvc.0x496[0m
[92m2021-11-19 23:21:53 I/Net 879112070: Start loading group list...[0m
[0m2021-11-19 23:21:53 V/Net 879112070: Send: friendlist.GetTroopListReqV2(friendlist.GetTroopListReqV2)[0m
[92m2021-11-19 23:21:53 I/Net 879112070: Syncing friend message history: Success.[0m
[0m2021-11-19 23:21:53 V/Net 879112070: Recv: friendlist.GetTroopListReqV2[0m
[0m2021-11-19 23:21:53 V/Net 879112070: Send: friendlist.GetTroopMemberListReq(friendlist.GetTroopMemberListReq)[0m
[0m2021-11-19 23:21:53 V/Net 879112070: Send: friendlist.GetTroopMemberListReq(friendlist.GetTroopMemberListReq)[0m
[0m2021-11-19 23:21:53 V/Net 879112070: Send: friendlist.GetTroopMemberListReq(friendlist.GetTroopMemberListReq)[0m
[0m2021-11-19 23:21:53 V/Net 879112070: Send: friendlist.GetTroopMemberListReq(friendlist.GetTroopMemberListReq)[0m
[0m2021-11-19 23:21:53 V/Net 879112070: Send: friendlist.GetTroopMemberListReq(friendlist.GetTroopMemberListReq)[0m
[0m2021-11-19 23:21:53 V/Net 879112070: Send: friendlist.GetTroopMemberListReq(friendlist.GetTroopMemberListReq)[0m
[0m2021-11-19 23:21:53 V/Net 879112070: Send: friendlist.GetTroopMemberListReq(friendlist.GetTroopMemberListReq)[0m
[0m2021-11-19 23:21:53 V/Net 879112070: Send: friendlist.GetTroopMemberListReq(friendlist.GetTroopMemberListReq)[0m
[0m2021-11-19 23:21:53 V/Net 879112070: Send: friendlist.GetTroopMemberListReq(friendlist.GetTroopMemberListReq)[0m
[0m2021-11-19 23:21:53 V/Net 879112070: Send: friendlist.GetTroopMemberListReq(friendlist.GetTroopMemberListReq)[0m
[0m2021-11-19 23:21:53 V/Net 879112070: Send: friendlist.GetTroopMemberListReq(friendlist.GetTroopMemberListReq)[0m
[0m2021-11-19 23:21:53 V/Net 879112070: Send: friendlist.GetTroopMemberListReq(friendlist.GetTroopMemberListReq)[0m
[0m2021-11-19 23:21:53 V/Net 879112070: Recv: friendlist.getFriendGroupList[0m
[0m2021-11-19 23:21:53 V/Net 879112070: Loading friend list: 59/59[0m
[92m2021-11-19 23:21:53 I/Net 879112070: Successfully loaded friend list: 59 in total[0m
[0m2021-11-19 23:21:54 V/Net 879112070: Recv: friendlist.GetTroopMemberListReq[0m
[0m2021-11-19 23:21:54 V/Net 879112070: Recv: friendlist.GetTroopMemberListReq[0m
[0m2021-11-19 23:21:54 V/Net 879112070: Recv: friendlist.GetTroopMemberListReq[0m
[0m2021-11-19 23:21:54 V/Net 879112070: Recv: friendlist.GetTroopMemberListReq[0m
[0m2021-11-19 23:21:54 V/Net 879112070: Recv: friendlist.GetTroopMemberListReq[0m
[0m2021-11-19 23:21:54 V/Net 879112070: Recv: friendlist.GetTroopMemberListReq[0m
[0m2021-11-19 23:21:54 V/Net 879112070: Recv: friendlist.GetTroopMemberListReq[0m
[0m2021-11-19 23:21:54 V/Net 879112070: Recv: friendlist.GetTroopMemberListReq[0m
[0m2021-11-19 23:21:54 V/Net 879112070: Recv: friendlist.GetTroopMemberListReq[0m
[0m2021-11-19 23:21:54 V/Net 879112070: Recv: friendlist.GetTroopMemberListReq[0m
[0m2021-11-19 23:21:54 V/Net 879112070: Recv: friendlist.GetTroopMemberListReq[0m
[0m2021-11-19 23:21:54 V/Net 879112070: Recv: friendlist.GetTroopMemberListReq[0m
[92m2021-11-19 23:21:54 I/Net 879112070: Successfully loaded group list: 12 in total.[0m
[0m2021-11-19 23:21:54 V/Bot 879112070: Event: BotOnlineEvent(bot=Bot(879112070))[0m
[92m2021-11-19 23:21:54 I/Bot 879112070: Bot login successful.[0m
[92m2021-11-19 23:21:54 I/Net 879112070: Scheduled key refresh in 23h 55min 0.0s.[0m
[92m2021-11-19 23:21:54 I/Net 879112070: Scheduled refresh login session in 19d 23h 55min 0.0s.[0m
[92m2021-11-19 23:21:55 I/Net 879112070: Server list: 183.47.98.90:80, 220.194.118.236:14000, 211.136.109.25:443, 203.205.255.221:8080, msfwifi.3g.qq.com:8080, 169.47.230.125:10001, 49.51.39.163:10001.[0m
[0m2021-11-19 23:21:55 V/Net 879112070: Saving bdh session to cache[0m
[0m2021-11-19 23:21:55 V/Net 879112070: Saving server list to cache[0m
[0m2021-11-19 23:21:55 V/Net 879112070: Send: ConfigPushSvc.PushResp(ConfigPushSvc.PushResp)[0m
[0m2021-11-19 23:21:55 V/Net 879112070: Recv: ConfigPushSvc.PushReq[0m
[0m2021-11-19 23:21:56 V/Net 879112070: Saving bdh session to cache[0m
[0m2021-11-19 23:21:56 V/Net 879112070: Send: ConfigPushSvc.PushResp(ConfigPushSvc.PushResp)[0m
[0m2021-11-19 23:21:56 V/Net 879112070: Recv: ConfigPushSvc.PushReq[0m
EroImageHandle.handleMessage
WARNING: An illegal reflective access operation has occurred
WARNING: Illegal reflective access by retrofit2.Platform (file:/home/VentreBot-shadow-1.0-SNAPSHOT/lib/ventre_qq_robot-1.0-SNAPSHOT-all.jar) to constructor java.lang.invoke.MethodHandles$Lookup(java.lang.Class,int)
WARNING: Please consider reporting this to the maintainers of retrofit2.Platform
WARNING: Use --illegal-access=warn to enable warnings of further illegal reflective access operations
WARNING: All illegal access operations will be denied in a future release
[0m2021-11-19 23:22:17 V/Bot 879112070: [碧蓝晒鱼场(556208166)] 天子星(3279994851) -> [mirai:at:879112070] 涩图[0m
tag:hanakoizumi_yoruno, page:1, size23: image:YanderImage(id=762061, author=BattlequeenYume, rating=q, sample_url=https://files.yande.re/sample/7b65064672ea0835884b59edea8a590d/yande.re%20762061%20sample%20cameltoe%20dress%20hanakoizumi_yoruno%20no_bra%20pantsu%20skirt_lift%20weapon.jpg, jpeg_url=https://files.yande.re/jpeg/7b65064672ea0835884b59edea8a590d/yande.re%20762061%20cameltoe%20dress%20hanakoizumi_yoruno%20no_bra%20pantsu%20skirt_lift%20weapon.jpg)
下载图片成功:https://files.yande.re/jpeg/7b65064672ea0835884b59edea8a590d/yande.re%20762061%20cameltoe%20dress%20hanakoizumi_yoruno%20no_bra%20pantsu%20skirt_lift%20weapon.jpg
[0m2021-11-19 23:22:20 V/Net 879112070: Send: ImgStore.GroupPicUp(ImgStore.GroupPicUp)[0m
[0m2021-11-19 23:22:20 V/Net 879112070: Recv: ImgStore.GroupPicUp[0m
[0m2021-11-19 23:22:20 V/Net 879112070: Send: MessageSvc.PbSendMsg(MessageSvc.PbSendMsg)[0m
[0m2021-11-19 23:22:22 V/Net 879112070: Recv: MessageSvc.PbSendMsg[0m
[0m2021-11-19 23:22:22 V/Bot 879112070: Group(556208166) <- [mirai:image:{FE3E4005-0BE9-FB6F-8BD1-B2D67C6A7945}.jpg][0m
RepeatHander.handleMessage
[0m2021-11-19 23:22:35 V/Bot 879112070: [碧蓝晒鱼场(556208166)] 天子星(3279994851) -> 请教大佬给了个解决反感，看看行不行[0m
EroImageHandle.handleMessage
[0m2021-11-19 23:22:56 V/Bot 879112070: [碧蓝晒鱼场(556208166)] PHZHANG(2414605876) -> [mirai:at:879112070] 涩图 女装[0m
[PixivImage(id=92157641, title=バニー👯‍♂️, url=https://i.pximg.net/c/250x250_80_a2/img-master/img/2021/08/21/21/52/22/92157641_p0_square1200.jpg, pageCount=1), PixivImage(id=92156942, title=バニーのひ, url=https://i.pximg.net/c/250x250_80_a2/img-master/img/2021/08/21/21/30/12/92156942_p0_square1200.jpg, pageCount=1), PixivImage(id=92156303, title=女装回, url=https://i.pximg.net/c/250x250_80_a2/img-master/img/2021/08/27/16/03/04/92156303_p0_square1200.jpg, pageCount=4), PixivImage(id=92155149, title=バニー・グレゴール, url=https://i.pximg.net/c/250x250_80_a2/img-master/img/2021/08/21/20/33/03/92155149_p0_square1200.jpg, pageCount=2), PixivImage(id=92154309, title=【創作】6月のポストカード入荷しました！⑦【通販】, url=https://i.pximg.net/c/250x250_80_a2/img-master/img/2021/08/21/20/03/45/92154309_p0_square1200.jpg, pageCount=1), PixivImage(id=92153440, title=Miitopia 明主 リヴァエレrpg（女装 中国语注意）, url=https://i.pximg.net/c/250x250_80_a2/custom-thumb/img/2021/08/21/19/31/13/92153440_p0_custom1200.jpg, pageCount=5), PixivImage(id=92152779, title=ツイッターイラストログ⑤【カラ一・十トド】, url=https://i.pximg.net/c/250x250_80_a2/img-master/img/2021/08/21/19/04/22/92152779_p0_square1200.jpg, pageCount=19), PixivImage(id=92149575, title=チアボーイ, url=https://i.pximg.net/c/250x250_80_a2/img-master/img/2021/08/21/16/50/10/92149575_p0_square1200.jpg, pageCount=1), PixivImage(id=92147764, title=Trappo, url=https://i.pximg.net/c/250x250_80_a2/img-master/img/2021/08/21/15/15/09/92147764_p0_square1200.jpg, pageCount=4), PixivImage(id=92146587, title=同級生の男の娘を押し倒してみた, url=https://i.pximg.net/c/250x250_80_a2/img-master/img/2021/08/21/14/11/15/92146587_p0_square1200.jpg, pageCount=1), PixivImage(id=92145637, title=お嬢様とメイドくんのピクニック, url=https://i.pximg.net/c/250x250_80_a2/img-master/img/2021/08/21/13/12/57/92145637_p0_square1200.jpg, pageCount=1), PixivImage(id=92144785, title=女の子になる男の娘, url=https://i.pximg.net/c/250x250_80_a2/img-master/img/2021/08/21/12/21/42/92144785_p0_square1200.jpg, pageCount=4), PixivImage(id=92143701, title=バニーガールの三谷凛, url=https://i.pximg.net/c/250x250_80_a2/custom-thumb/img/2021/08/21/11/16/01/92143701_p0_custom1200.jpg, pageCount=1), PixivImage(id=92142122, title=🐰, url=https://i.pximg.net/c/250x250_80_a2/img-master/img/2021/08/21/09/04/20/92142122_p0_square1200.jpg, pageCount=2), PixivImage(id=92140305, title=めそばに2021, url=https://i.pximg.net/c/250x250_80_a2/custom-thumb/img/2021/08/21/05/39/46/92140305_p0_custom1200.jpg, pageCount=1), PixivImage(id=92138472, title=男の子, url=https://i.pximg.net/c/250x250_80_a2/img-master/img/2021/08/21/02/29/23/92138472_p0_square1200.jpg, pageCount=1), PixivImage(id=92137372, title=罰ゲーム 女装, url=https://i.pximg.net/c/250x250_80_a2/custom-thumb/img/2021/08/21/01/25/07/92137372_p0_custom1200.jpg, pageCount=2), PixivImage(id=92136619, title=落書き, url=https://i.pximg.net/c/250x250_80_a2/img-master/img/2021/08/21/00/54/02/92136619_p0_square1200.jpg, pageCount=4), PixivImage(id=92136313, title=ドラクエⅪまとめ, url=https://i.pximg.net/c/250x250_80_a2/img-master/img/2021/08/21/00/40/46/92136313_p0_square1200.jpg, pageCount=36), PixivImage(id=92134890, title=バイソンくんかわいいよね, url=https://i.pximg.net/c/250x250_80_a2/img-master/img/2021/08/21/00/00/36/92134890_p0_square1200.jpg, pageCount=5), PixivImage(id=92133673, title=優しい彼女, url=https://i.pximg.net/c/250x250_80_a2/img-master/img/2021/08/20/23/26/43/92133673_p0_square1200.jpg, pageCount=9), PixivImage(id=92132104, title=エレーヌ女装シリーズ, url=https://i.pximg.net/c/250x250_80_a2/img-master/img/2021/08/20/22/31/05/92132104_p0_square1200.jpg, pageCount=4), PixivImage(id=92131218, title=シスター男, url=https://i.pximg.net/c/250x250_80_a2/img-master/img/2021/08/20/22/00/32/92131218_p0_square1200.jpg, pageCount=2), PixivImage(id=92130628, title=林憲明, url=https://i.pximg.net/c/250x250_80_a2/custom-thumb/img/2021/08/20/21/39/25/92130628_p0_custom1200.jpg, pageCount=1), PixivImage(id=92130368, title=LINK, url=https://i.pximg.net/c/250x250_80_a2/img-master/img/2021/08/20/21/29/30/92130368_p0_square1200.jpg, pageCount=1), PixivImage(id=92130044, title=呪ツイログ①, url=https://i.pximg.net/c/250x250_80_a2/img-master/img/2021/08/20/21/17/55/92130044_p0_square1200.jpg, pageCount=38), PixivImage(id=92129805, title=H9922, url=https://i.pximg.net/c/250x250_80_a2/img-master/img/2021/08/20/21/10/10/92129805_p0_square1200.jpg, pageCount=2), PixivImage(id=92129666, title=月(を照らす太陽)に代わっておしおきよ！, url=https://i.pximg.net/c/250x250_80_a2/img-master/img/2021/08/20/21/05/18/92129666_p0_square1200.jpg, pageCount=6), PixivImage(id=92129278, title=【創作】6月のポストカード入荷しました！⑥【通販】, url=https://i.pximg.net/c/250x250_80_a2/img-master/img/2021/08/20/20/52/14/92129278_p0_square1200.jpg, pageCount=1), PixivImage(id=92124752, title=レジェオト０２６～今後の方針など, url=https://i.pximg.net/c/250x250_80_a2/img-master/img/2021/08/20/17/29/11/92124752_p0_square1200.jpg, pageCount=1), PixivImage(id=92119089, title=[Pixiv Request] ロキ ♂, url=https://i.pximg.net/c/250x250_80_a2/img-master/img/2021/08/20/10/48/41/92119089_p0_square1200.jpg, pageCount=1), PixivImage(id=92118582, title=僕の彼女は男の娘02, url=https://i.pximg.net/c/250x250_80_a2/img-master/img/2021/08/20/10/01/46/92118582_p0_square1200.jpg, pageCount=1), PixivImage(id=92118295, title=呪術まとめ125, url=https://i.pximg.net/c/250x250_80_a2/custom-thumb/img/2021/08/20/09/30/41/92118295_p0_custom1200.jpg, pageCount=21), PixivImage(id=92117467, title=ストレッチ中, url=https://i.pximg.net/c/250x250_80_a2/img-master/img/2021/08/20/08/00/01/92117467_p0_square1200.jpg, pageCount=3), PixivImage(id=92116370, title=僕の彼女は男の娘, url=https://i.pximg.net/c/250x250_80_a2/img-master/img/2021/08/20/05/33/41/92116370_p0_square1200.jpg, pageCount=1), PixivImage(id=92115909, title=弟が男の娘になるまで???, url=https://i.pximg.net/c/250x250_80_a2/custom-thumb/img/2021/08/20/04/31/31/92115909_p0_custom1200.jpg, pageCount=1), PixivImage(id=92114324, title=新しい塗り方を研究, url=https://i.pximg.net/c/250x250_80_a2/img-master/img/2021/08/20/02/05/12/92114324_p0_square1200.jpg, pageCount=2), PixivImage(id=92110228, title=【御仕事絵】も"え"も"え"き"ゅ"ん", url=https://i.pximg.net/c/250x250_80_a2/img-master/img/2021/08/19/23/28/21/92110228_p0_square1200.jpg, pageCount=1), PixivImage(id=92107481, title=【和装】ベレト先生３色版【デフォルメ】, url=https://i.pximg.net/c/250x250_80_a2/img-master/img/2021/08/19/21/50/19/92107481_p0_square1200.jpg, pageCount=3), PixivImage(id=92106812, title=夏の屋上にて, url=https://i.pximg.net/c/250x250_80_a2/img-master/img/2021/08/19/21/25/03/92106812_p0_square1200.jpg, pageCount=3), PixivImage(id=92105954, title=【創作】6月のポストカード入荷しました！⑤【通販】, url=https://i.pximg.net/c/250x250_80_a2/img-master/img/2021/08/19/20/54/55/92105954_p0_square1200.jpg, pageCount=1), PixivImage(id=92104216, title=ピラミッドの中で捕まったスーパーボーイ（完全女装ver）, url=https://i.pximg.net/c/250x250_80_a2/img-master/img/2021/08/19/19/49/13/92104216_p0_square1200.jpg, pageCount=3), PixivImage(id=92104189, title=【一次創作】モブどれイラストまとめ, url=https://i.pximg.net/c/250x250_80_a2/img-master/img/2021/08/19/19/38/53/92104189_p0_square1200.jpg, pageCount=5), PixivImage(id=92103527, title=女装…？, url=https://i.pximg.net/c/250x250_80_a2/custom-thumb/img/2021/08/19/19/06/14/92103527_p0_custom1200.jpg, pageCount=1), PixivImage(id=92102326, title=寝ぼけてる, url=https://i.pximg.net/c/250x250_80_a2/img-master/img/2021/08/19/18/03/30/92102326_p0_square1200.jpg, pageCount=1), PixivImage(id=92102276, title=【オリロボBB】早乙女レイ【キャラクター】, url=https://i.pximg.net/c/250x250_80_a2/img-master/img/2021/08/19/18/00/36/92102276_p0_square1200.jpg, pageCount=3), PixivImage(id=92102017, title=【女装男子】アライさん【自撮り強要】, url=https://i.pximg.net/c/250x250_80_a2/img-master/img/2021/08/19/17/47/29/92102017_p0_square1200.jpg, pageCount=1), PixivImage(id=92101847, title=まこいずlog 01, url=https://i.pximg.net/c/250x250_80_a2/img-master/img/2021/08/19/17/37/18/92101847_p0_square1200.jpg, pageCount=12), PixivImage(id=92100501, title=男女逆転メイド喫茶, url=https://i.pximg.net/c/250x250_80_a2/img-master/img/2021/08/19/16/03/41/92100501_p0_square1200.jpg, pageCount=1), PixivImage(id=92099675, title=【和装】ベレト先生【デフォルメ】, url=https://i.pximg.net/c/250x250_80_a2/img-master/img/2021/08/19/15/05/28/92099675_p0_square1200.jpg, pageCount=2), PixivImage(id=92098728, title=白崎香織の衣装を着た南雲ハジメ, url=https://i.pximg.net/c/250x250_80_a2/img-master/img/2021/08/19/13/54/34/92098728_p0_square1200.jpg, pageCount=1), PixivImage(id=92097813, title=セーラーパーカー女装系男子, url=https://i.pximg.net/c/250x250_80_a2/img-master/img/2021/08/19/12/47/11/92097813_p0_square1200.jpg, pageCount=1), PixivImage(id=92095667, title=ドレスの男の子✨, url=https://i.pximg.net/c/250x250_80_a2/img-master/img/2021/08/19/09/37/55/92095667_p0_square1200.jpg, pageCount=1), PixivImage(id=92095662, title=Boss x Kira ボス吉良, url=https://i.pximg.net/c/250x250_80_a2/img-master/img/2021/08/19/09/37/41/92095662_p0_square1200.jpg, pageCount=1), PixivImage(id=92094883, title=ラビットランジェリーバンタム！, url=https://i.pximg.net/c/250x250_80_a2/img-master/img/2021/08/19/08/04/47/92094883_p0_square1200.jpg, pageCount=1), PixivImage(id=92094611, title=黙って食べたらバチが当たる, url=https://i.pximg.net/c/250x250_80_a2/img-master/img/2021/08/19/07/33/23/92094611_p0_square1200.jpg, pageCount=4), PixivImage(id=92093733, title=アニポケ無印トレーナー落書きまとめ, url=https://i.pximg.net/c/250x250_80_a2/img-master/img/2021/08/19/05/43/37/92093733_p0_square1200.jpg, pageCount=22), PixivImage(id=92093051, title=無題, url=https://i.pximg.net/c/250x250_80_a2/img-master/img/2021/08/19/04/11/31/92093051_p0_square1200.jpg, pageCount=2), PixivImage(id=92092063, title=落書き（2）🚨女装注意, url=https://i.pximg.net/c/250x250_80_a2/img-master/img/2021/08/19/02/38/22/92092063_p0_square1200.jpg, pageCount=1), PixivImage(id=92091159, title=그 여우 팬아트(?), url=https://i.pximg.net/c/250x250_80_a2/img-master/img/2021/08/19/01/40/42/92091159_p0_square1200.jpg, pageCount=2), 
]tag:女装, page:31, index:9, size53: image:PixivImage(id=92145637, title=お嬢様とメイドくんのピクニック, url=https://i.pximg.net/c/250x250_80_a2/img-master/img/2021/08/21/13/12/57/92145637_p0_square1200.jpg, pageCount=1)
下载图片成功:https://i.pximg.net/img-original/img/2021/08/21/13/12/57/92145637_p0.jpg
[0m2021-11-19 23:23:01 V/Net 879112070: Send: ImgStore.GroupPicUp(ImgStore.GroupPicUp)[0m
[0m2021-11-19 23:23:01 V/Net 879112070: Recv: ImgStore.GroupPicUp[0m
[0m2021-11-19 23:23:01 V/Net 879112070: [Highway] Uploading group image to 129.226.107.115:443, size=432.11 KiB[0m
[0m2021-11-19 23:23:04 V/Net 879112070: [Highway] Uploading group image: succeed at 149 KiB/s[0m
[0m2021-11-19 23:23:04 V/Net 879112070: Send: MessageSvc.PbSendMsg(MessageSvc.PbSendMsg)[0m
[0m2021-11-19 23:23:05 V/Net 879112070: Recv: MessageSvc.PbSendMsg[0m
[0m2021-11-19 23:23:05 V/Bot 879112070: Group(556208166) <- [mirai:image:{D070E102-B5E6-5F21-6361-3508E2C7F24F}.jpg][0m
[31m2021-11-19 23:23:20 E/ExternalResourceLeakObserver: A resource leak occurred, use ExternalResource.close to avoid it!! (holder=net.mamoe.mirai.internal.utils.ExternalResourceImplByFile$ResourceHolder@b723660). Add jvm option `-Dmirai.resource.creation.stack.enabled=true` to show creation stack track[0m
RepeatHander.handleMessage
[0m2021-11-19 23:23:23 V/Bot 879112070: [碧蓝晒鱼场(556208166)] PHZHANG(2414605876) -> [mirai:image:{06180117-7762-F6CD-605C-2AE051CA7C8D}.gif][0m
[0m2021-11-19 23:26:24 V/Net 879112070: Send: StatSvc.register(online)[0m
[92m2021-11-19 23:26:24 I/Net 879112070: Server time updated, serverTime: 1637335583, diff: -1ms=-0.001s[0m
[0m2021-11-19 23:26:24 V/Net 879112070: Recv: StatSvc.register[0m
[0m2021-11-19 23:30:54 V/Net 879112070: Send: StatSvc.register(online)[0m
[92m2021-11-19 23:30:54 I/Net 879112070: Server time updated, serverTime: 1637335854, diff: 0ms=0.0s[0m
[0m2021-11-19 23:30:54 V/Net 879112070: Recv: StatSvc.register[0m
[0m2021-11-19 23:35:24 V/Net 879112070: Send: StatSvc.register(online)[0m
[92m2021-11-19 23:35:25 I/Net 879112070: Server time updated, serverTime: 1637336124, diff: -1ms=-0.001s[0m
[0m2021-11-19 23:35:25 V/Net 879112070: Recv: StatSvc.register[0m
[0m2021-11-19 23:39:55 V/Net 879112070: Send: StatSvc.register(online)[0m
[92m2021-11-19 23:39:55 I/Net 879112070: Server time updated, serverTime: 1637336394, diff: -1ms=-0.001s[0m
[0m2021-11-19 23:39:55 V/Net 879112070: Recv: StatSvc.register[0m
[0m2021-11-19 23:44:25 V/Net 879112070: Send: StatSvc.register(online)[0m
[92m2021-11-19 23:44:25 I/Net 879112070: Server time updated, serverTime: 1637336665, diff: 0ms=0.0s[0m
[0m2021-11-19 23:44:25 V/Net 879112070: Recv: StatSvc.register[0m
[0m2021-11-19 23:48:55 V/Net 879112070: Send: StatSvc.register(online)[0m
[92m2021-11-19 23:48:55 I/Net 879112070: Server time updated, serverTime: 1637336935, diff: 0ms=0.0s[0m
[0m2021-11-19 23:48:55 V/Net 879112070: Recv: StatSvc.register[0m
[0m2021-11-19 23:53:25 V/Net 879112070: Send: StatSvc.register(online)[0m
[92m2021-11-19 23:53:26 I/Net 879112070: Server time updated, serverTime: 1637337205, diff: -1ms=-0.001s[0m
[0m2021-11-19 23:53:26 V/Net 879112070: Recv: StatSvc.register[0m
[0m2021-11-19 23:57:56 V/Net 879112070: Send: StatSvc.register(online)[0m
[92m2021-11-19 23:57:56 I/Net 879112070: Server time updated, serverTime: 1637337476, diff: 0ms=0.0s[0m
[0m2021-11-19 23:57:56 V/Net 879112070: Recv: StatSvc.register[0m
[0m2021-11-20 00:02:26 V/Net 879112070: Send: StatSvc.register(online)[0m
[92m2021-11-20 00:02:26 I/Net 879112070: Server time updated, serverTime: 1637337746, diff: 0ms=0.0s[0m
[0m2021-11-20 00:02:26 V/Net 879112070: Recv: StatSvc.register[0m
[0m2021-11-20 00:06:56 V/Net 879112070: Send: StatSvc.register(online)[0m
[92m2021-11-20 00:06:56 I/Net 879112070: Server time updated, serverTime: 1637338016, diff: 0ms=0.0s[0m
[0m2021-11-20 00:06:56 V/Net 879112070: Recv: StatSvc.register[0m
[0m2021-11-20 00:11:26 V/Net 879112070: Send: StatSvc.register(online)[0m
[92m2021-11-20 00:11:27 I/Net 879112070: Server time updated, serverTime: 1637338286, diff: -1ms=-0.001s[0m
[0m2021-11-20 00:11:27 V/Net 879112070: Recv: StatSvc.register[0m
[0m2021-11-20 00:15:57 V/Net 879112070: Send: StatSvc.register(online)[0m
[92m2021-11-20 00:15:57 I/Net 879112070: Server time updated, serverTime: 1637338556, diff: -1ms=-0.001s[0m
[0m2021-11-20 00:15:57 V/Net 879112070: Recv: StatSvc.register[0m
[0m2021-11-20 00:20:27 V/Net 879112070: Send: StatSvc.register(online)[0m
[92m2021-11-20 00:20:27 I/Net 879112070: Server time updated, serverTime: 1637338826, diff: -1ms=-0.001s[0m
[0m2021-11-20 00:20:27 V/Net 879112070: Recv: StatSvc.register[0m
[0m2021-11-20 00:24:57 V/Net 879112070: Send: StatSvc.register(online)[0m
[92m2021-11-20 00:24:57 I/Net 879112070: Server time updated, serverTime: 1637339097, diff: 0ms=0.0s[0m
[0m2021-11-20 00:24:57 V/Net 879112070: Recv: StatSvc.register[0m
[0m2021-11-20 00:29:27 V/Net 879112070: Send: StatSvc.register(online)[0m
[92m2021-11-20 00:29:27 I/Net 879112070: Server time updated, serverTime: 1637339367, diff: 0ms=0.0s[0m
[0m2021-11-20 00:29:27 V/Net 879112070: Recv: StatSvc.register[0m
[0m2021-11-20 00:33:58 V/Net 879112070: Send: StatSvc.register(online)[0m
[92m2021-11-20 00:33:58 I/Net 879112070: Server time updated, serverTime: 1637339637, diff: -1ms=-0.001s[0m
[0m2021-11-20 00:33:58 V/Net 879112070: Recv: StatSvc.register[0m
[0m2021-11-20 00:38:28 V/Net 879112070: Send: StatSvc.register(online)[0m
[92m2021-11-20 00:38:28 I/Net 879112070: Server time updated, serverTime: 1637339907, diff: -1ms=-0.001s[0m
[0m2021-11-20 00:38:28 V/Net 879112070: Recv: StatSvc.register[0m
[0m2021-11-20 00:42:58 V/Net 879112070: Send: StatSvc.register(online)[0m
[92m2021-11-20 00:42:58 I/Net 879112070: Server time updated, serverTime: 1637340177, diff: -1ms=-0.001s[0m
[0m2021-11-20 00:42:58 V/Net 879112070: Recv: StatSvc.register[0m
[0m2021-11-20 00:47:28 V/Net 879112070: Send: StatSvc.register(online)[0m
[92m2021-11-20 00:47:28 I/Net 879112070: Server time updated, serverTime: 1637340447, diff: -1ms=-0.001s[0m
[0m2021-11-20 00:47:28 V/Net 879112070: Recv: StatSvc.register[0m
[0m2021-11-20 00:51:58 V/Net 879112070: Send: StatSvc.register(online)[0m
[92m2021-11-20 00:51:59 I/Net 879112070: Server time updated, serverTime: 1637340718, diff: -1ms=-0.001s[0m
[0m2021-11-20 00:51:59 V/Net 879112070: Recv: StatSvc.register[0m
[0m2021-11-20 00:56:29 V/Net 879112070: Send: StatSvc.register(online)[0m
[92m2021-11-20 00:56:29 I/Net 879112070: Server time updated, serverTime: 1637340989, diff: 0ms=0.0s[0m
[0m2021-11-20 00:56:29 V/Net 879112070: Recv: StatSvc.register[0m
[0m2021-11-20 01:00:59 V/Net 879112070: Send: StatSvc.register(online)[0m
[92m2021-11-20 01:00:59 I/Net 879112070: Server time updated, serverTime: 1637341259, diff: 0ms=0.0s[0m
[0m2021-11-20 01:00:59 V/Net 879112070: Recv: StatSvc.register[0m
[0m2021-11-20 01:05:29 V/Net 879112070: Send: StatSvc.register(online)[0m
[92m2021-11-20 01:05:29 I/Net 879112070: Server time updated, serverTime: 1637341529, diff: 0ms=0.0s[0m
[0m2021-11-20 01:05:29 V/Net 879112070: Recv: StatSvc.register[0m
[31m2021-11-20 01:08:20 E/ExternalResourceLeakObserver: A resource leak occurred, use ExternalResource.close to avoid it!! (holder=net.mamoe.mirai.internal.utils.ExternalResourceImplByFile$ResourceHolder@5b5d97e). Add jvm option `-Dmirai.resource.creation.stack.enabled=true` to show creation stack track[0m
[0m2021-11-20 01:09:59 V/Net 879112070: Send: StatSvc.register(online)[0m
[92m2021-11-20 01:09:59 I/Net 879112070: Server time updated, serverTime: 1637341799, diff: 0ms=0.0s[0m
[0m2021-11-20 01:09:59 V/Net 879112070: Recv: StatSvc.register[0m
[0m2021-11-20 01:14:29 V/Net 879112070: Send: StatSvc.register(online)[0m
[92m2021-11-20 01:14:30 I/Net 879112070: Server time updated, serverTime: 1637342069, diff: -1ms=-0.001s[0m
[0m2021-11-20 01:14:30 V/Net 879112070: Recv: StatSvc.register[0m
[0m2021-11-20 01:19:00 V/Net 879112070: Send: StatSvc.register(online)[0m
[92m2021-11-20 01:19:00 I/Net 879112070: Server time updated, serverTime: 1637342339, diff: -1ms=-0.001s[0m
[0m2021-11-20 01:19:00 V/Net 879112070: Recv: StatSvc.register[0m
[0m2021-11-20 01:23:30 V/Net 879112070: Send: StatSvc.register(online)[0m
[92m2021-11-20 01:23:30 I/Net 879112070: Server time updated, serverTime: 1637342610, diff: 0ms=0.0s[0m
[0m2021-11-20 01:23:30 V/Net 879112070: Recv: StatSvc.register[0m
[0m2021-11-20 01:28:00 V/Net 879112070: Send: StatSvc.register(online)[0m
[92m2021-11-20 01:28:00 I/Net 879112070: Server time updated, serverTime: 1637342880, diff: 0ms=0.0s[0m
[0m2021-11-20 01:28:00 V/Net 879112070: Recv: StatSvc.register[0m
[0m2021-11-20 01:32:30 V/Net 879112070: Send: StatSvc.register(online)[0m
[92m2021-11-20 01:32:31 I/Net 879112070: Server time updated, serverTime: 1637343150, diff: -1ms=-0.001s[0m
[0m2021-11-20 01:32:31 V/Net 879112070: Recv: StatSvc.register[0m
[0m2021-11-20 01:37:01 V/Net 879112070: Send: StatSvc.register(online)[0m
[92m2021-11-20 01:37:01 I/Net 879112070: Server time updated, serverTime: 1637343420, diff: -1ms=-0.001s[0m
[0m2021-11-20 01:37:01 V/Net 879112070: Recv: StatSvc.register[0m
[0m2021-11-20 01:41:31 V/Net 879112070: Send: StatSvc.register(online)[0m
[92m2021-11-20 01:41:31 I/Net 879112070: Server time updated, serverTime: 1637343690, diff: -1ms=-0.001s[0m
[0m2021-11-20 01:41:31 V/Net 879112070: Recv: StatSvc.register[0m
[0m2021-11-20 01:46:01 V/Net 879112070: Send: StatSvc.register(online)[0m
[92m2021-11-20 01:46:01 I/Net 879112070: Server time updated, serverTime: 1637343960, diff: -1ms=-0.001s[0m
[0m2021-11-20 01:46:01 V/Net 879112070: Recv: StatSvc.register[0m
[0m2021-11-20 01:50:31 V/Net 879112070: Send: StatSvc.register(online)[0m
[92m2021-11-20 01:50:31 I/Net 879112070: Server time updated, serverTime: 1637344231, diff: 0ms=0.0s[0m
[0m2021-11-20 01:50:31 V/Net 879112070: Recv: StatSvc.register[0m
[0m2021-11-20 01:55:02 V/Net 879112070: Send: StatSvc.register(online)[0m
[92m2021-11-20 01:55:03 I/Net 879112070: Server time updated, serverTime: 1637344502, diff: -1ms=-0.001s[0m
[0m2021-11-20 01:55:03 V/Net 879112070: Recv: StatSvc.register[0m
[0m2021-11-20 01:59:33 V/Net 879112070: Send: StatSvc.register(online)[0m
[92m2021-11-20 01:59:33 I/Net 879112070: Server time updated, serverTime: 1637344772, diff: -1ms=-0.001s[0m
[0m2021-11-20 01:59:33 V/Net 879112070: Recv: StatSvc.register[0m
[0m2021-11-20 02:04:03 V/Net 879112070: Send: StatSvc.register(online)[0m
[92m2021-11-20 02:04:03 I/Net 879112070: Server time updated, serverTime: 1637345043, diff: 0ms=0.0s[0m
[0m2021-11-20 02:04:03 V/Net 879112070: Recv: StatSvc.register[0m
[0m2021-11-20 02:08:33 V/Net 879112070: Send: StatSvc.register(online)[0m
[92m2021-11-20 02:08:33 I/Net 879112070: Server time updated, serverTime: 1637345313, diff: 0ms=0.0s[0m
[0m2021-11-20 02:08:33 V/Net 879112070: Recv: StatSvc.register[0m
[0m2021-11-20 02:13:03 V/Net 879112070: Send: StatSvc.register(online)[0m
[92m2021-11-20 02:13:03 I/Net 879112070: Server time updated, serverTime: 1637345583, diff: 0ms=0.0s[0m
[0m2021-11-20 02:13:03 V/Net 879112070: Recv: StatSvc.register[0m
[0m2021-11-20 02:17:33 V/Net 879112070: Send: StatSvc.register(online)[0m
[92m2021-11-20 02:17:34 I/Net 879112070: Server time updated, serverTime: 1637345853, diff: -1ms=-0.001s[0m
[0m2021-11-20 02:17:34 V/Net 879112070: Recv: StatSvc.register[0m
[0m2021-11-20 02:22:04 V/Net 879112070: Send: StatSvc.register(online)[0m
[92m2021-11-20 02:22:04 I/Net 879112070: Server time updated, serverTime: 1637346124, diff: 0ms=0.0s[0m
[0m2021-11-20 02:22:04 V/Net 879112070: Recv: StatSvc.register[0m
[0m2021-11-20 02:26:34 V/Net 879112070: Send: StatSvc.register(online)[0m
[92m2021-11-20 02:26:34 I/Net 879112070: Server time updated, serverTime: 1637346394, diff: 0ms=0.0s[0m
[0m2021-11-20 02:26:34 V/Net 879112070: Recv: StatSvc.register[0m
[0m2021-11-20 02:31:04 V/Net 879112070: Send: StatSvc.register(online)[0m
[92m2021-11-20 02:31:04 I/Net 879112070: Server time updated, serverTime: 1637346664, diff: 0ms=0.0s[0m
[0m2021-11-20 02:31:04 V/Net 879112070: Recv: StatSvc.register[0m
[0m2021-11-20 02:35:34 V/Net 879112070: Send: StatSvc.register(online)[0m
[92m2021-11-20 02:35:35 I/Net 879112070: Server time updated, serverTime: 1637346934, diff: -1ms=-0.001s[0m
[0m2021-11-20 02:35:35 V/Net 879112070: Recv: StatSvc.register[0m
[0m2021-11-20 02:40:05 V/Net 879112070: Send: StatSvc.register(online)[0m
[92m2021-11-20 02:40:05 I/Net 879112070: Server time updated, serverTime: 1637347204, diff: -1ms=-0.001s[0m
[0m2021-11-20 02:40:05 V/Net 879112070: Recv: StatSvc.register[0m
[0m2021-11-20 02:44:35 V/Net 879112070: Send: StatSvc.register(online)[0m
[92m2021-11-20 02:44:35 I/Net 879112070: Server time updated, serverTime: 1637347474, diff: -1ms=-0.001s[0m
[0m2021-11-20 02:44:35 V/Net 879112070: Recv: StatSvc.register[0m
[0m2021-11-20 02:49:05 V/Net 879112070: Send: StatSvc.register(online)[0m
[92m2021-11-20 02:49:05 I/Net 879112070: Server time updated, serverTime: 1637347745, diff: 0ms=0.0s[0m
[0m2021-11-20 02:49:05 V/Net 879112070: Recv: StatSvc.register[0m
[0m2021-11-20 02:53:35 V/Net 879112070: Send: StatSvc.register(online)[0m
[92m2021-11-20 02:53:36 I/Net 879112070: Server time updated, serverTime: 1637348015, diff: -1ms=-0.001s[0m
[0m2021-11-20 02:53:36 V/Net 879112070: Recv: StatSvc.register[0m
[0m2021-11-20 02:58:06 V/Net 879112070: Send: StatSvc.register(online)[0m
[92m2021-11-20 02:58:06 I/Net 879112070: Server time updated, serverTime: 1637348285, diff: -1ms=-0.001s[0m
[0m2021-11-20 02:58:06 V/Net 879112070: Recv: StatSvc.register[0m
[0m2021-11-20 03:02:36 V/Net 879112070: Send: StatSvc.register(online)[0m
[92m2021-11-20 03:02:36 I/Net 879112070: Server time updated, serverTime: 1637348555, diff: -1ms=-0.001s[0m
[0m2021-11-20 03:02:36 V/Net 879112070: Recv: StatSvc.register[0m
[0m2021-11-20 03:07:06 V/Net 879112070: Send: StatSvc.register(online)[0m
[92m2021-11-20 03:07:06 I/Net 879112070: Server time updated, serverTime: 1637348825, diff: -1ms=-0.001s[0m
[0m2021-11-20 03:07:06 V/Net 879112070: Recv: StatSvc.register[0m
[0m2021-11-20 03:11:36 V/Net 879112070: Send: StatSvc.register(online)[0m
[92m2021-11-20 03:11:36 I/Net 879112070: Server time updated, serverTime: 1637349095, diff: -1ms=-0.001s[0m
[0m2021-11-20 03:11:36 V/Net 879112070: Recv: StatSvc.register[0m
[0m2021-11-20 03:16:06 V/Net 879112070: Send: StatSvc.register(online)[0m
[92m2021-11-20 03:16:07 I/Net 879112070: Server time updated, serverTime: 1637349367, diff: 0ms=0.0s[0m
[0m2021-11-20 03:16:07 V/Net 879112070: Recv: StatSvc.register[0m
[0m2021-11-20 03:20:37 V/Net 879112070: Send: StatSvc.register(online)[0m
[92m2021-11-20 03:20:37 I/Net 879112070: Server time updated, serverTime: 1637349637, diff: 0ms=0.0s[0m
[0m2021-11-20 03:20:37 V/Net 879112070: Recv: StatSvc.register[0m
[0m2021-11-20 03:25:07 V/Net 879112070: Send: StatSvc.register(online)[0m
[92m2021-11-20 03:25:07 I/Net 879112070: Server time updated, serverTime: 1637349907, diff: 0ms=0.0s[0m
[0m2021-11-20 03:25:07 V/Net 879112070: Recv: StatSvc.register[0m
[0m2021-11-20 03:29:37 V/Net 879112070: Send: StatSvc.register(online)[0m
[92m2021-11-20 03:29:37 I/Net 879112070: Server time updated, serverTime: 1637350177, diff: 0ms=0.0s[0m
[0m2021-11-20 03:29:37 V/Net 879112070: Recv: StatSvc.register[0m
[0m2021-11-20 03:34:07 V/Net 879112070: Send: StatSvc.register(online)[0m
[92m2021-11-20 03:34:08 I/Net 879112070: Server time updated, serverTime: 1637350447, diff: -1ms=-0.001s[0m
[0m2021-11-20 03:34:08 V/Net 879112070: Recv: StatSvc.register[0m
[0m2021-11-20 03:38:38 V/Net 879112070: Send: StatSvc.register(online)[0m
[92m2021-11-20 03:38:38 I/Net 879112070: Server time updated, serverTime: 1637350717, diff: -1ms=-0.001s[0m
[0m2021-11-20 03:38:38 V/Net 879112070: Recv: StatSvc.register[0m
[0m2021-11-20 03:43:08 V/Net 879112070: Send: StatSvc.register(online)[0m
[92m2021-11-20 03:43:08 I/Net 879112070: Server time updated, serverTime: 1637350988, diff: 0ms=0.0s[0m
[0m2021-11-20 03:43:08 V/Net 879112070: Recv: StatSvc.register[0m
[0m2021-11-20 03:47:38 V/Net 879112070: Send: StatSvc.register(online)[0m
[92m2021-11-20 03:47:38 I/Net 879112070: Server time updated, serverTime: 1637351258, diff: 0ms=0.0s[0m
[0m2021-11-20 03:47:38 V/Net 879112070: Recv: StatSvc.register[0m
[0m2021-11-20 03:52:08 V/Net 879112070: Send: StatSvc.register(online)[0m
[92m2021-11-20 03:52:09 I/Net 879112070: Server time updated, serverTime: 1637351528, diff: -1ms=-0.001s[0m
[0m2021-11-20 03:52:09 V/Net 879112070: Recv: StatSvc.register[0m
[0m2021-11-20 03:56:39 V/Net 879112070: Send: StatSvc.register(online)[0m
[92m2021-11-20 03:56:39 I/Net 879112070: Server time updated, serverTime: 1637351798, diff: -1ms=-0.001s[0m
[0m2021-11-20 03:56:39 V/Net 879112070: Recv: StatSvc.register[0m
[0m2021-11-20 04:01:09 V/Net 879112070: Send: StatSvc.register(online)[0m
[92m2021-11-20 04:01:09 I/Net 879112070: Server time updated, serverTime: 1637352068, diff: -1ms=-0.001s[0m
[0m2021-11-20 04:01:09 V/Net 879112070: Recv: StatSvc.register[0m
[0m2021-11-20 04:05:39 V/Net 879112070: Send: StatSvc.register(online)[0m
[92m2021-11-20 04:05:39 I/Net 879112070: Server time updated, serverTime: 1637352339, diff: 0ms=0.0s[0m
[0m2021-11-20 04:05:39 V/Net 879112070: Recv: StatSvc.register[0m
[0m2021-11-20 04:10:09 V/Net 879112070: Send: StatSvc.register(online)[0m
[92m2021-11-20 04:10:10 I/Net 879112070: Server time updated, serverTime: 1637352609, diff: -1ms=-0.001s[0m
[0m2021-11-20 04:10:10 V/Net 879112070: Recv: StatSvc.register[0m
[0m2021-11-20 04:14:40 V/Net 879112070: Send: StatSvc.register(online)[0m
[92m2021-11-20 04:14:40 I/Net 879112070: Server time updated, serverTime: 1637352879, diff: -1ms=-0.001s[0m
[0m2021-11-20 04:14:40 V/Net 879112070: Recv: StatSvc.register[0m
[0m2021-11-20 04:19:10 V/Net 879112070: Send: StatSvc.register(online)[0m
[92m2021-11-20 04:19:10 I/Net 879112070: Server time updated, serverTime: 1637353149, diff: -1ms=-0.001s[0m
[0m2021-11-20 04:19:10 V/Net 879112070: Recv: StatSvc.register[0m
[0m2021-11-20 04:23:40 V/Net 879112070: Send: StatSvc.register(online)[0m
[92m2021-11-20 04:23:40 I/Net 879112070: Server time updated, serverTime: 1637353419, diff: -1ms=-0.001s[0m
[0m2021-11-20 04:23:40 V/Net 879112070: Recv: StatSvc.register[0m
[0m2021-11-20 04:28:10 V/Net 879112070: Send: StatSvc.register(online)[0m
[92m2021-11-20 04:28:10 I/Net 879112070: Server time updated, serverTime: 1637353690, diff: 0ms=0.0s[0m
[0m2021-11-20 04:28:10 V/Net 879112070: Recv: StatSvc.register[0m
[0m2021-11-20 04:32:40 V/Net 879112070: Send: StatSvc.register(online)[0m
[92m2021-11-20 04:32:41 I/Net 879112070: Server time updated, serverTime: 1637353961, diff: 0ms=0.0s[0m
[0m2021-11-20 04:32:41 V/Net 879112070: Recv: StatSvc.register[0m
[0m2021-11-20 04:37:11 V/Net 879112070: Send: StatSvc.register(online)[0m
[92m2021-11-20 04:37:11 I/Net 879112070: Server time updated, serverTime: 1637354231, diff: 0ms=0.0s[0m
[0m2021-11-20 04:37:11 V/Net 879112070: Recv: StatSvc.register[0m
[0m2021-11-20 04:41:41 V/Net 879112070: Send: StatSvc.register(online)[0m
[92m2021-11-20 04:41:41 I/Net 879112070: Server time updated, serverTime: 1637354501, diff: 0ms=0.0s[0m
[0m2021-11-20 04:41:41 V/Net 879112070: Recv: StatSvc.register[0m
[0m2021-11-20 04:46:11 V/Net 879112070: Send: StatSvc.register(online)[0m
[92m2021-11-20 04:46:11 I/Net 879112070: Server time updated, serverTime: 1637354771, diff: 0ms=0.0s[0m
[0m2021-11-20 04:46:11 V/Net 879112070: Recv: StatSvc.register[0m
[0m2021-11-20 04:50:41 V/Net 879112070: Send: StatSvc.register(online)[0m
[92m2021-11-20 04:50:42 I/Net 879112070: Server time updated, serverTime: 1637355041, diff: -1ms=-0.001s[0m
[0m2021-11-20 04:50:42 V/Net 879112070: Recv: StatSvc.register[0m
[0m2021-11-20 04:55:12 V/Net 879112070: Send: StatSvc.register(online)[0m
[92m2021-11-20 04:55:12 I/Net 879112070: Server time updated, serverTime: 1637355311, diff: -1ms=-0.001s[0m
[0m2021-11-20 04:55:12 V/Net 879112070: Recv: StatSvc.register[0m
[0m2021-11-20 04:59:42 V/Net 879112070: Send: StatSvc.register(online)[0m
[92m2021-11-20 04:59:42 I/Net 879112070: Server time updated, serverTime: 1637355582, diff: 0ms=0.0s[0m
[0m2021-11-20 04:59:42 V/Net 879112070: Recv: StatSvc.register[0m
[0m2021-11-20 05:04:12 V/Net 879112070: Send: StatSvc.register(online)[0m
[92m2021-11-20 05:04:12 I/Net 879112070: Server time updated, serverTime: 1637355852, diff: 0ms=0.0s[0m
[0m2021-11-20 05:04:12 V/Net 879112070: Recv: StatSvc.register[0m
[0m2021-11-20 05:08:42 V/Net 879112070: Send: StatSvc.register(online)[0m
[92m2021-11-20 05:08:43 I/Net 879112070: Server time updated, serverTime: 1637356122, diff: -1ms=-0.001s[0m
[0m2021-11-20 05:08:43 V/Net 879112070: Recv: StatSvc.register[0m
[0m2021-11-20 05:13:13 V/Net 879112070: Send: StatSvc.register(online)[0m
[92m2021-11-20 05:13:13 I/Net 879112070: Server time updated, serverTime: 1637356392, diff: -1ms=-0.001s[0m
[0m2021-11-20 05:13:13 V/Net 879112070: Recv: StatSvc.register[0m
[0m2021-11-20 05:17:43 V/Net 879112070: Send: StatSvc.register(online)[0m
[92m2021-11-20 05:17:43 I/Net 879112070: Server time updated, serverTime: 1637356662, diff: -1ms=-0.001s[0m
[0m2021-11-20 05:17:43 V/Net 879112070: Recv: StatSvc.register[0m
[0m2021-11-20 05:22:13 V/Net 879112070: Send: StatSvc.register(online)[0m
[92m2021-11-20 05:22:13 I/Net 879112070: Server time updated, serverTime: 1637356932, diff: -1ms=-0.001s[0m
[0m2021-11-20 05:22:13 V/Net 879112070: Recv: StatSvc.register[0m
[0m2021-11-20 05:26:43 V/Net 879112070: Send: StatSvc.register(online)[0m
[92m2021-11-20 05:26:43 I/Net 879112070: Server time updated, serverTime: 1637357202, diff: -1ms=-0.001s[0m
[0m2021-11-20 05:26:43 V/Net 879112070: Recv: StatSvc.register[0m
[0m2021-11-20 05:31:13 V/Net 879112070: Send: StatSvc.register(online)[0m
[92m2021-11-20 05:31:14 I/Net 879112070: Server time updated, serverTime: 1637357473, diff: -1ms=-0.001s[0m
[0m2021-11-20 05:31:14 V/Net 879112070: Recv: StatSvc.register[0m
[0m2021-11-20 05:35:44 V/Net 879112070: Send: StatSvc.register(online)[0m
[92m2021-11-20 05:35:44 I/Net 879112070: Server time updated, serverTime: 1637357743, diff: -1ms=-0.001s[0m
[0m2021-11-20 05:35:44 V/Net 879112070: Recv: StatSvc.register[0m
[0m2021-11-20 05:40:14 V/Net 879112070: Send: StatSvc.register(online)[0m
[92m2021-11-20 05:40:14 I/Net 879112070: Server time updated, serverTime: 1637358013, diff: -1ms=-0.001s[0m
[0m2021-11-20 05:40:14 V/Net 879112070: Recv: StatSvc.register[0m
[0m2021-11-20 05:44:44 V/Net 879112070: Send: StatSvc.register(online)[0m
[92m2021-11-20 05:44:44 I/Net 879112070: Server time updated, serverTime: 1637358284, diff: 0ms=0.0s[0m
[0m2021-11-20 05:44:44 V/Net 879112070: Recv: StatSvc.register[0m
[0m2021-11-20 05:49:14 V/Net 879112070: Send: StatSvc.register(online)[0m
[92m2021-11-20 05:49:14 I/Net 879112070: Server time updated, serverTime: 1637358554, diff: 0ms=0.0s[0m
[0m2021-11-20 05:49:14 V/Net 879112070: Recv: StatSvc.register[0m
[0m2021-11-20 05:53:44 V/Net 879112070: Send: StatSvc.register(online)[0m
[92m2021-11-20 05:53:45 I/Net 879112070: Server time updated, serverTime: 1637358824, diff: -1ms=-0.001s[0m
[0m2021-11-20 05:53:45 V/Net 879112070: Recv: StatSvc.register[0m
[0m2021-11-20 05:58:15 V/Net 879112070: Send: StatSvc.register(online)[0m
[92m2021-11-20 05:58:15 I/Net 879112070: Server time updated, serverTime: 1637359095, diff: 0ms=0.0s[0m
[0m2021-11-20 05:58:15 V/Net 879112070: Recv: StatSvc.register[0m
[0m2021-11-20 06:02:45 V/Net 879112070: Send: StatSvc.register(online)[0m
[92m2021-11-20 06:02:45 I/Net 879112070: Server time updated, serverTime: 1637359365, diff: 0ms=0.0s[0m
[0m2021-11-20 06:02:45 V/Net 879112070: Recv: StatSvc.register[0m
[0m2021-11-20 06:07:15 V/Net 879112070: Send: StatSvc.register(online)[0m
[92m2021-11-20 06:07:15 I/Net 879112070: Server time updated, serverTime: 1637359635, diff: 0ms=0.0s[0m
[0m2021-11-20 06:07:15 V/Net 879112070: Recv: StatSvc.register[0m
[0m2021-11-20 06:11:45 V/Net 879112070: Send: StatSvc.register(online)[0m
[92m2021-11-20 06:11:45 I/Net 879112070: Server time updated, serverTime: 1637359905, diff: 0ms=0.0s[0m
[0m2021-11-20 06:11:45 V/Net 879112070: Recv: StatSvc.register[0m
[0m2021-11-20 06:16:15 V/Net 879112070: Send: StatSvc.register(online)[0m
[92m2021-11-20 06:16:16 I/Net 879112070: Server time updated, serverTime: 1637360175, diff: -1ms=-0.001s[0m
[0m2021-11-20 06:16:16 V/Net 879112070: Recv: StatSvc.register[0m
[0m2021-11-20 06:20:46 V/Net 879112070: Send: StatSvc.register(online)[0m
[92m2021-11-20 06:20:46 I/Net 879112070: Server time updated, serverTime: 1637360445, diff: -1ms=-0.001s[0m
[0m2021-11-20 06:20:46 V/Net 879112070: Recv: StatSvc.register[0m
[0m2021-11-20 06:25:16 V/Net 879112070: Send: StatSvc.register(online)[0m
[92m2021-11-20 06:25:16 I/Net 879112070: Server time updated, serverTime: 1637360715, diff: -1ms=-0.001s[0m
[0m2021-11-20 06:25:16 V/Net 879112070: Recv: StatSvc.register[0m
[0m2021-11-20 06:29:46 V/Net 879112070: Send: StatSvc.register(online)[0m
[92m2021-11-20 06:29:46 I/Net 879112070: Server time updated, serverTime: 1637360986, diff: 0ms=0.0s[0m
[0m2021-11-20 06:29:46 V/Net 879112070: Recv: StatSvc.register[0m
[0m2021-11-20 06:34:17 V/Net 879112070: Send: StatSvc.register(online)[0m
[92m2021-11-20 06:34:17 I/Net 879112070: Server time updated, serverTime: 1637361256, diff: -1ms=-0.001s[0m
[0m2021-11-20 06:34:17 V/Net 879112070: Recv: StatSvc.register[0m
[0m2021-11-20 06:38:47 V/Net 879112070: Send: StatSvc.register(online)[0m
[92m2021-11-20 06:38:47 I/Net 879112070: Server time updated, serverTime: 1637361526, diff: -1ms=-0.001s[0m
[0m2021-11-20 06:38:47 V/Net 879112070: Recv: StatSvc.register[0m
[0m2021-11-20 06:43:17 V/Net 879112070: Send: StatSvc.register(online)[0m
[92m2021-11-20 06:43:17 I/Net 879112070: Server time updated, serverTime: 1637361796, diff: -1ms=-0.001s[0m
[0m2021-11-20 06:43:17 V/Net 879112070: Recv: StatSvc.register[0m
[0m2021-11-20 06:47:47 V/Net 879112070: Send: StatSvc.register(online)[0m
[92m2021-11-20 06:47:47 I/Net 879112070: Server time updated, serverTime: 1637362066, diff: -1ms=-0.001s[0m
[0m2021-11-20 06:47:47 V/Net 879112070: Recv: StatSvc.register[0m
[0m2021-11-20 06:52:17 V/Net 879112070: Send: StatSvc.register(online)[0m
[92m2021-11-20 06:52:18 I/Net 879112070: Server time updated, serverTime: 1637362337, diff: -1ms=-0.001s[0m
[0m2021-11-20 06:52:18 V/Net 879112070: Recv: StatSvc.register[0m
[0m2021-11-20 06:56:48 V/Net 879112070: Send: StatSvc.register(online)[0m
[92m2021-11-20 06:56:48 I/Net 879112070: Server time updated, serverTime: 1637362608, diff: 0ms=0.0s[0m
[0m2021-11-20 06:56:48 V/Net 879112070: Recv: StatSvc.register[0m
[0m2021-11-20 07:01:18 V/Net 879112070: Send: StatSvc.register(online)[0m
[92m2021-11-20 07:01:18 I/Net 879112070: Server time updated, serverTime: 1637362878, diff: 0ms=0.0s[0m
[0m2021-11-20 07:01:18 V/Net 879112070: Recv: StatSvc.register[0m
[0m2021-11-20 07:05:48 V/Net 879112070: Send: StatSvc.register(online)[0m
[92m2021-11-20 07:05:48 I/Net 879112070: Server time updated, serverTime: 1637363148, diff: 0ms=0.0s[0m
[0m2021-11-20 07:05:48 V/Net 879112070: Recv: StatSvc.register[0m
[0m2021-11-20 07:10:18 V/Net 879112070: Send: StatSvc.register(online)[0m
[92m2021-11-20 07:10:19 I/Net 879112070: Server time updated, serverTime: 1637363418, diff: -1ms=-0.001s[0m
[0m2021-11-20 07:10:19 V/Net 879112070: Recv: StatSvc.register[0m
[0m2021-11-20 07:14:49 V/Net 879112070: Send: StatSvc.register(online)[0m
[92m2021-11-20 07:14:49 I/Net 879112070: Server time updated, serverTime: 1637363688, diff: -1ms=-0.001s[0m
[0m2021-11-20 07:14:49 V/Net 879112070: Recv: StatSvc.register[0m
[0m2021-11-20 07:19:19 V/Net 879112070: Send: StatSvc.register(online)[0m
[92m2021-11-20 07:19:19 I/Net 879112070: Server time updated, serverTime: 1637363959, diff: 0ms=0.0s[0m
[0m2021-11-20 07:19:19 V/Net 879112070: Recv: StatSvc.register[0m
[0m2021-11-20 07:23:49 V/Net 879112070: Send: StatSvc.register(online)[0m
[92m2021-11-20 07:23:49 I/Net 879112070: Server time updated, serverTime: 1637364229, diff: 0ms=0.0s[0m
[0m2021-11-20 07:23:49 V/Net 879112070: Recv: StatSvc.register[0m
[0m2021-11-20 07:28:19 V/Net 879112070: Send: StatSvc.register(online)[0m
[92m2021-11-20 07:28:20 I/Net 879112070: Server time updated, serverTime: 1637364499, diff: -1ms=-0.001s[0m
[0m2021-11-20 07:28:20 V/Net 879112070: Recv: StatSvc.register[0m
[0m2021-11-20 07:32:50 V/Net 879112070: Send: StatSvc.register(online)[0m
[92m2021-11-20 07:32:50 I/Net 879112070: Server time updated, serverTime: 1637364769, diff: -1ms=-0.001s[0m
[0m2021-11-20 07:32:50 V/Net 879112070: Recv: StatSvc.register[0m
[0m2021-11-20 07:37:20 V/Net 879112070: Send: StatSvc.register(online)[0m
[92m2021-11-20 07:37:20 I/Net 879112070: Server time updated, serverTime: 1637365039, diff: -1ms=-0.001s[0m
[0m2021-11-20 07:37:20 V/Net 879112070: Recv: StatSvc.register[0m
[0m2021-11-20 07:41:50 V/Net 879112070: Send: StatSvc.register(online)[0m
[92m2021-11-20 07:41:50 I/Net 879112070: Server time updated, serverTime: 1637365310, diff: 0ms=0.0s[0m
[0m2021-11-20 07:41:50 V/Net 879112070: Recv: StatSvc.register[0m
[0m2021-11-20 07:46:20 V/Net 879112070: Send: StatSvc.register(online)[0m
[92m2021-11-20 07:46:21 I/Net 879112070: Server time updated, serverTime: 1637365580, diff: -1ms=-0.001s[0m
[0m2021-11-20 07:46:21 V/Net 879112070: Recv: StatSvc.register[0m
[0m2021-11-20 07:50:51 V/Net 879112070: Send: StatSvc.register(online)[0m
[92m2021-11-20 07:50:51 I/Net 879112070: Server time updated, serverTime: 1637365850, diff: -1ms=-0.001s[0m
[0m2021-11-20 07:50:51 V/Net 879112070: Recv: StatSvc.register[0m
[0m2021-11-20 07:55:21 V/Net 879112070: Send: StatSvc.register(online)[0m
[92m2021-11-20 07:55:21 I/Net 879112070: Server time updated, serverTime: 1637366120, diff: -1ms=-0.001s[0m
[0m2021-11-20 07:55:21 V/Net 879112070: Recv: StatSvc.register[0m
[0m2021-11-20 07:59:51 V/Net 879112070: Send: StatSvc.register(online)[0m
[92m2021-11-20 07:59:51 I/Net 879112070: Server time updated, serverTime: 1637366390, diff: -1ms=-0.001s[0m
[0m2021-11-20 07:59:51 V/Net 879112070: Recv: StatSvc.register[0m
[0m2021-11-20 08:04:21 V/Net 879112070: Send: StatSvc.register(online)[0m
[92m2021-11-20 08:04:21 I/Net 879112070: Server time updated, serverTime: 1637366661, diff: 0ms=0.0s[0m
[0m2021-11-20 08:04:21 V/Net 879112070: Recv: StatSvc.register[0m
[0m2021-11-20 08:08:51 V/Net 879112070: Send: StatSvc.register(online)[0m
[92m2021-11-20 08:08:52 I/Net 879112070: Server time updated, serverTime: 1637366931, diff: -1ms=-0.001s[0m
[0m2021-11-20 08:08:52 V/Net 879112070: Recv: StatSvc.register[0m
[0m2021-11-20 08:13:22 V/Net 879112070: Send: StatSvc.register(online)[0m
[92m2021-11-20 08:13:22 I/Net 879112070: Server time updated, serverTime: 1637367202, diff: 0ms=0.0s[0m
[0m2021-11-20 08:13:22 V/Net 879112070: Recv: StatSvc.register[0m
[0m2021-11-20 08:17:52 V/Net 879112070: Send: StatSvc.register(online)[0m
[92m2021-11-20 08:17:52 I/Net 879112070: Server time updated, serverTime: 1637367472, diff: 0ms=0.0s[0m
[0m2021-11-20 08:17:52 V/Net 879112070: Recv: StatSvc.register[0m
[0m2021-11-20 08:22:22 V/Net 879112070: Send: StatSvc.register(online)[0m
[92m2021-11-20 08:22:22 I/Net 879112070: Server time updated, serverTime: 1637367742, diff: 0ms=0.0s[0m
[0m2021-11-20 08:22:22 V/Net 879112070: Recv: StatSvc.register[0m
ChatHandler.handleMessage
[0m2021-11-20 08:26:44 V/Bot 879112070: [ventre测试群(867206822)] ventre(3279994851) -> [mirai:at:879112070] [0m
[0m2021-11-20 08:26:48 V/Net 879112070: Send: MessageSvc.PbSendMsg(MessageSvc.PbSendMsg)[0m
[0m2021-11-20 08:26:49 V/Net 879112070: Recv: MessageSvc.PbSendMsg[0m
[0m2021-11-20 08:26:51 V/Bot 879112070: Group(867206822) <- [mirai:at:3279994851] 未获取到相关信息[0m
[0m2021-11-20 08:26:52 V/Net 879112070: Send: StatSvc.register(online)[0m
[92m2021-11-20 08:26:52 I/Net 879112070: Server time updated, serverTime: 1637368012, diff: 0ms=0.0s[0m
[0m2021-11-20 08:26:52 V/Net 879112070: Recv: StatSvc.register[0m
ChatHandler.handleMessage
[0m2021-11-20 08:27:34 V/Bot 879112070: ventre(3279994851) -> 反复[0m
[0m2021-11-20 08:27:39 V/Net 879112070: Send: MessageSvc.PbSendMsg(MessageSvc.PbSendMsg)[0m
[0m2021-11-20 08:27:39 V/Net 879112070: Recv: MessageSvc.PbSendMsg[0m
[0m2021-11-20 08:27:39 V/Bot 879112070: Friend(3279994851) <- [mirai:at:3279994851] 到天亮[0m
[0m2021-11-20 08:31:23 V/Net 879112070: Send: StatSvc.register(online)[0m
[92m2021-11-20 08:31:23 I/Net 879112070: Server time updated, serverTime: 1637368282, diff: -1ms=-0.001s[0m
[0m2021-11-20 08:31:23 V/Net 879112070: Recv: StatSvc.register[0m
[0m2021-11-20 08:35:53 V/Net 879112070: Send: StatSvc.register(online)[0m
[92m2021-11-20 08:35:53 I/Net 879112070: Server time updated, serverTime: 1637368553, diff: 0ms=0.0s[0m
[0m2021-11-20 08:35:53 V/Net 879112070: Recv: StatSvc.register[0m
[0m2021-11-20 08:40:23 V/Net 879112070: Send: StatSvc.register(online)[0m
[92m2021-11-20 08:40:23 I/Net 879112070: Server time updated, serverTime: 1637368823, diff: 0ms=0.0s[0m
[0m2021-11-20 08:40:23 V/Net 879112070: Recv: StatSvc.register[0m
[0m2021-11-20 08:44:53 V/Net 879112070: Send: StatSvc.register(online)[0m
[92m2021-11-20 08:44:54 I/Net 879112070: Server time updated, serverTime: 1637369093, diff: -1ms=-0.001s[0m
[0m2021-11-20 08:44:54 V/Net 879112070: Recv: StatSvc.register[0m
[0m2021-11-20 08:49:24 V/Net 879112070: Send: StatSvc.register(online)[0m
[92m2021-11-20 08:49:24 I/Net 879112070: Server time updated, serverTime: 1637369363, diff: -1ms=-0.001s[0m
[0m2021-11-20 08:49:24 V/Net 879112070: Recv: StatSvc.register[0m
EroImageHandle.handleMessage
[0m2021-11-20 08:50:32 V/Bot 879112070: [碧蓝晒鱼场(556208166)] 牢饭管饱(2975655909) -> [mirai:at:879112070] 色图[0m
[LoliconData(pid=93781036, author=八伝, title=happy halloween, urls=ImageUrl(original=https://i.pximg.net/img-original/img/2021/10/31/01/45/52/93781036_p0.jpg)), 
]下载图片成功:https://i.pximg.net/img-original/img/2021/10/31/01/45/52/93781036_p0.jpg
[0m2021-11-20 08:50:36 V/Net 879112070: Send: ImgStore.GroupPicUp(ImgStore.GroupPicUp)[0m
[0m2021-11-20 08:50:37 V/Net 879112070: Recv: ImgStore.GroupPicUp[0m
[0m2021-11-20 08:50:37 V/Net 879112070: Send: MessageSvc.PbSendMsg(MessageSvc.PbSendMsg)[0m
[0m2021-11-20 08:50:37 V/Net 879112070: Recv: MessageSvc.PbSendMsg[0m
[0m2021-11-20 08:50:40 V/Bot 879112070: Group(556208166) <- [mirai:image:{D8C5F661-1B18-8BB0-B818-FF41DEE00D2B}.jpg][0m
[0m2021-11-20 08:53:54 V/Net 879112070: Send: StatSvc.register(online)[0m
[92m2021-11-20 08:53:54 I/Net 879112070: Server time updated, serverTime: 1637369633, diff: -1ms=-0.001s[0m
[0m2021-11-20 08:53:54 V/Net 879112070: Recv: StatSvc.register[0m
[0m2021-11-20 08:58:24 V/Net 879112070: Send: StatSvc.register(online)[0m
[92m2021-11-20 08:58:24 I/Net 879112070: Server time updated, serverTime: 1637369904, diff: 0ms=0.0s[0m
[0m2021-11-20 08:58:24 V/Net 879112070: Recv: StatSvc.register[0m
[0m2021-11-20 09:02:54 V/Net 879112070: Send: StatSvc.register(online)[0m
[92m2021-11-20 09:02:55 I/Net 879112070: Server time updated, serverTime: 1637370174, diff: -1ms=-0.001s[0m
[0m2021-11-20 09:02:55 V/Net 879112070: Recv: StatSvc.register[0m
[0m2021-11-20 09:07:25 V/Net 879112070: Send: StatSvc.register(online)[0m
[92m2021-11-20 09:07:25 I/Net 879112070: Server time updated, serverTime: 1637370444, diff: -1ms=-0.001s[0m
[0m2021-11-20 09:07:25 V/Net 879112070: Recv: StatSvc.register[0m
[0m2021-11-20 09:11:55 V/Net 879112070: Send: StatSvc.register(online)[0m
[92m2021-11-20 09:11:55 I/Net 879112070: Server time updated, serverTime: 1637370715, diff: 0ms=0.0s[0m
[0m2021-11-20 09:11:55 V/Net 879112070: Recv: StatSvc.register[0m
RepeatHander.handleMessage
[0m2021-11-20 09:12:41 V/Bot 879112070: [提瓦特游览指南(795087019)] 怡宝#100041962(327616610) -> [mirai:image:{E54A2617-8590-27F5-5F96-89BBF77FE444}.jpg][0m
[0m2021-11-20 09:16:25 V/Net 879112070: Send: StatSvc.register(online)[0m
[92m2021-11-20 09:16:25 I/Net 879112070: Server time updated, serverTime: 1637370985, diff: 0ms=0.0s[0m
[0m2021-11-20 09:16:25 V/Net 879112070: Recv: StatSvc.register[0m
[0m2021-11-20 09:20:55 V/Net 879112070: Send: StatSvc.register(online)[0m
[92m2021-11-20 09:20:56 I/Net 879112070: Server time updated, serverTime: 1637371255, diff: -1ms=-0.001s[0m
[0m2021-11-20 09:20:56 V/Net 879112070: Recv: StatSvc.register[0m
[0m2021-11-20 09:25:26 V/Net 879112070: Send: StatSvc.register(online)[0m
[92m2021-11-20 09:25:26 I/Net 879112070: Server time updated, serverTime: 1637371526, diff: 0ms=0.0s[0m
[0m2021-11-20 09:25:26 V/Net 879112070: Recv: StatSvc.register[0m
[0m2021-11-20 09:29:56 V/Net 879112070: Send: StatSvc.register(online)[0m
[92m2021-11-20 09:29:56 I/Net 879112070: Server time updated, serverTime: 1637371796, diff: 0ms=0.0s[0m
[0m2021-11-20 09:29:56 V/Net 879112070: Recv: StatSvc.register[0m
[0m2021-11-20 09:34:26 V/Net 879112070: Send: StatSvc.register(online)[0m
[92m2021-11-20 09:34:26 I/Net 879112070: Server time updated, serverTime: 1637372066, diff: 0ms=0.0s[0m
[0m2021-11-20 09:34:26 V/Net 879112070: Recv: StatSvc.register[0m
[0m2021-11-20 09:38:56 V/Net 879112070: Send: StatSvc.register(online)[0m
[92m2021-11-20 09:38:57 I/Net 879112070: Server time updated, serverTime: 1637372336, diff: -1ms=-0.001s[0m
[0m2021-11-20 09:38:57 V/Net 879112070: Recv: StatSvc.register[0m
[0m2021-11-20 09:43:27 V/Net 879112070: Send: StatSvc.register(online)[0m
[92m2021-11-20 09:43:27 I/Net 879112070: Server time updated, serverTime: 1637372606, diff: -1ms=-0.001s[0m
[0m2021-11-20 09:43:27 V/Net 879112070: Recv: StatSvc.register[0m
[0m2021-11-20 09:47:57 V/Net 879112070: Send: StatSvc.register(online)[0m
[92m2021-11-20 09:47:57 I/Net 879112070: Server time updated, serverTime: 1637372876, diff: -1ms=-0.001s[0m
[0m2021-11-20 09:47:57 V/Net 879112070: Recv: StatSvc.register[0m
[0m2021-11-20 09:52:27 V/Net 879112070: Send: StatSvc.register(online)[0m
[92m2021-11-20 09:52:27 I/Net 879112070: Server time updated, serverTime: 1637373146, diff: -1ms=-0.001s[0m
[0m2021-11-20 09:52:27 V/Net 879112070: Recv: StatSvc.register[0m
[0m2021-11-20 09:56:57 V/Net 879112070: Send: StatSvc.register(online)[0m
[92m2021-11-20 09:56:57 I/Net 879112070: Server time updated, serverTime: 1637373417, diff: 0ms=0.0s[0m
[0m2021-11-20 09:56:57 V/Net 879112070: Recv: StatSvc.register[0m
[0m2021-11-20 10:01:27 V/Net 879112070: Send: StatSvc.register(online)[0m
[92m2021-11-20 10:01:28 I/Net 879112070: Server time updated, serverTime: 1637373687, diff: -1ms=-0.001s[0m
[0m2021-11-20 10:01:28 V/Net 879112070: Recv: StatSvc.register[0m
[0m2021-11-20 10:05:58 V/Net 879112070: Send: StatSvc.register(online)[0m
[92m2021-11-20 10:05:58 I/Net 879112070: Server time updated, serverTime: 1637373957, diff: -1ms=-0.001s[0m
[0m2021-11-20 10:05:58 V/Net 879112070: Recv: StatSvc.register[0m
[0m2021-11-20 10:10:28 V/Net 879112070: Send: StatSvc.register(online)[0m
[92m2021-11-20 10:10:28 I/Net 879112070: Server time updated, serverTime: 1637374227, diff: -1ms=-0.001s[0m
[0m2021-11-20 10:10:28 V/Net 879112070: Recv: StatSvc.register[0m
[0m2021-11-20 10:14:58 V/Net 879112070: Send: StatSvc.register(online)[0m
[92m2021-11-20 10:14:58 I/Net 879112070: Server time updated, serverTime: 1637374497, diff: -1ms=-0.001s[0m
[0m2021-11-20 10:14:58 V/Net 879112070: Recv: StatSvc.register[0m
RepeatHander.handleMessage
[0m2021-11-20 10:17:12 V/Bot 879112070: [提瓦特游览指南(795087019)] 清新老菊花#103390474-芜湖起飞-世界8(812476343) -> [mirai:app:{"app":"com.tencent.miniapp_01","config":{"autoSize":0,"ctime":1637374632,"forward":1,"height":0,"token":"ac1cd38ee3fcb3b7d806940b34b0a14a","type":"normal","width":0},"desc":"哔哩哔哩","extra":{"app_type":1,"appid":100951776,"uin":812476343},"meta":{"detail_1":{"appid":"1109937557","desc":"【原神】广州车展 凯迪拉克刻晴官方痛车 加强版刻晴？！","gamePoints":"","gamePointsUrl":"","host":{"nick":"尹镜鸿","uin":812476343},"icon":"https://open.gtimg.cn/open/app_icon/00/95/17/76/100951776_100_m.png?t=1637238992","preview":"pubminishare-30161.picsz.qpic.cn/d71f771f-f28f-4c79-8d6a-47f0fb5a8a7c","qqdocurl":"https://b23.tv/Ita9A5b?share_medium=android&share_source=qq&bbid=XY18F1D10591F50FD8689FAF3C0FA12427FB5&ts=1637374622124","scene":1036,"shareTemplateData":{},"shareTemplateId":"8C8E89B49BE609866298ADDFF2DBABA4","showLittleTail":"","title":"哔哩哔哩","url":"m.q.qq.com/a/s/6e792f948e480e9f20db87ac44321952"}},"needShareCallBack":false,"prompt":"[QQ小程序]哔哩哔哩","ver":"1.0.0.19","view":"view_8C8E89B49BE609866298ADDFF2DBABA4"}][0m
[0m2021-11-20 10:19:28 V/Net 879112070: Send: StatSvc.register(online)[0m
[92m2021-11-20 10:19:29 I/Net 879112070: Server time updated, serverTime: 1637374768, diff: -1ms=-0.001s[0m
[0m2021-11-20 10:19:29 V/Net 879112070: Recv: StatSvc.register[0m
[0m2021-11-20 10:23:59 V/Net 879112070: Send: StatSvc.register(online)[0m
[92m2021-11-20 10:23:59 I/Net 879112070: Server time updated, serverTime: 1637375039, diff: 0ms=0.0s[0m
[0m2021-11-20 10:23:59 V/Net 879112070: Recv: StatSvc.register[0m
[0m2021-11-20 10:28:29 V/Net 879112070: Send: StatSvc.register(online)[0m
[92m2021-11-20 10:28:29 I/Net 879112070: Server time updated, serverTime: 1637375309, diff: 0ms=0.0s[0m
[0m2021-11-20 10:28:29 V/Net 879112070: Recv: StatSvc.register[0m
[0m2021-11-20 10:32:59 V/Net 879112070: Send: StatSvc.register(online)[0m
[92m2021-11-20 10:32:59 I/Net 879112070: Server time updated, serverTime: 1637375579, diff: 0ms=0.0s[0m
[0m2021-11-20 10:32:59 V/Net 879112070: Recv: StatSvc.register[0m
[0m2021-11-20 10:37:29 V/Net 879112070: Send: StatSvc.register(online)[0m
[92m2021-11-20 10:37:30 I/Net 879112070: Server time updated, serverTime: 1637375849, diff: -1ms=-0.001s[0m
[0m2021-11-20 10:37:30 V/Net 879112070: Recv: StatSvc.register[0m
[0m2021-11-20 10:42:00 V/Net 879112070: Send: StatSvc.register(online)[0m
[92m2021-11-20 10:42:00 I/Net 879112070: Server time updated, serverTime: 1637376119, diff: -1ms=-0.001s[0m
[0m2021-11-20 10:42:00 V/Net 879112070: Recv: StatSvc.register[0m
[0m2021-11-20 10:46:30 V/Net 879112070: Send: StatSvc.register(online)[0m
[92m2021-11-20 10:46:30 I/Net 879112070: Server time updated, serverTime: 1637376389, diff: -1ms=-0.001s[0m
[0m2021-11-20 10:46:30 V/Net 879112070: Recv: StatSvc.register[0m
[0m2021-11-20 10:51:00 V/Net 879112070: Send: StatSvc.register(online)[0m
[92m2021-11-20 10:51:00 I/Net 879112070: Server time updated, serverTime: 1637376660, diff: 0ms=0.0s[0m
[0m2021-11-20 10:51:00 V/Net 879112070: Recv: StatSvc.register[0m
[0m2021-11-20 10:55:30 V/Net 879112070: Send: StatSvc.register(online)[0m
[92m2021-11-20 10:55:30 I/Net 879112070: Server time updated, serverTime: 1637376930, diff: 0ms=0.0s[0m
[0m2021-11-20 10:55:30 V/Net 879112070: Recv: StatSvc.register[0m
[0m2021-11-20 10:56:24 V/Net 879112070: Send: MessageSvc.PbSendMsg(MessageSvc.PbSendMsg)[0m
[0m2021-11-20 10:56:24 V/Bot 879112070: [ventre测试群(867206822)] ventre(3279994851) -> [mirai:at:879112070][0m
[0m2021-11-20 10:56:24 V/Net 879112070: Recv: MessageSvc.PbSendMsg[0m
[0m2021-11-20 10:56:27 V/Bot 879112070: Group(867206822) <- 欢迎使用涩图机器人，基本使用方法：\n@Ventre 关键字  目前已有的关键字：\n1. 涩图\n2. 色图\n3. 聊天\n如果要查看具体功能，请输入 @Ventre 关键字 help\n例子  @Ventre 涩图 help[0m
[0m2021-11-20 11:00:00 V/Net 879112070: Send: StatSvc.register(online)[0m
[92m2021-11-20 11:00:01 I/Net 879112070: Server time updated, serverTime: 1637377200, diff: -1ms=-0.001s[0m
[0m2021-11-20 11:00:01 V/Net 879112070: Recv: StatSvc.register[0m
[0m2021-11-20 11:04:31 V/Net 879112070: Send: StatSvc.register(online)[0m
[92m2021-11-20 11:04:31 I/Net 879112070: Server time updated, serverTime: 1637377471, diff: 0ms=0.0s[0m
[0m2021-11-20 11:04:31 V/Net 879112070: Recv: StatSvc.register[0m
Exit code: 143
*** End of transmission ***
